正在加载数据...
  电影信息: 34208 部
  热门电影: 100 部
  预计算推荐: 200 个用户
  用户喜好历史: 46303 个用户
  用户观看历史: 47043 个用户
  TF-IDF 矩阵: (34208, 5000)
  电影类型: 19 种
  SVD 模型: 1000 个活跃用户
数据加载完成!


========================================
  电影推荐系统已启动
  访问地址: http://localhost:5000
  按 Ctrl+C 停止
========================================

 * Serving Flask app 'app'
 * Debug mode: on
正在加载数据...
  电影信息: 34208 部
  热门电影: 100 部
  预计算推荐: 200 个用户
  用户喜好历史: 46303 个用户
  用户观看历史: 47043 个用户
  TF-IDF 矩阵: (34208, 5000)
  电影类型: 19 种
  SVD 模型: 1000 个活跃用户
数据加载完成!


========================================
  电影推荐系统已启动
  访问地址: http://localhost:5000
  按 Ctrl+C 停止
========================================

正在加载数据...
  电影信息: 34208 部
  热门电影: 100 部
  预计算推荐: 200 个用户
  用户喜好历史: 46303 个用户
  用户观看历史: 47043 个用户
  TF-IDF 矩阵: (34208, 5000)
  电影类型: 19 种
  SVD 模型: 1000 个活跃用户
数据加载完成!


========================================
  电影推荐系统已启动
  访问地址: http://localhost:5000
  按 Ctrl+C 停止
========================================

正在加载数据...
  电影信息: 34208 部
  热门电影: 100 部
  预计算推荐: 200 个用户
  用户喜好历史: 46303 个用户
  用户观看历史: 47043 个用户
  TF-IDF 矩阵: (34208, 5000)
  电影类型: 19 种
  SVD 模型: 1000 个活跃用户
数据加载完成!


========================================
  电影推荐系统已启动
  访问地址: http://localhost:5000
  按 Ctrl+C 停止
========================================

正在加载数据...
  电影信息: 34208 部
  热门电影: 100 部
  预计算推荐: 200 个用户
  用户喜好历史: 46303 个用户
  用户观看历史: 47043 个用户
  TF-IDF 矩阵: (34208, 5000)
  电影类型: 19 种
  SVD 模型: 1000 个活跃用户
数据加载完成!


========================================
  电影推荐系统已启动
  访问地址: http://localhost:5000
  按 Ctrl+C 停止
========================================

正在加载数据...
  电影信息: 34208 部
  热门电影: 100 部
  预计算推荐: 200 个用户
  用户喜好历史: 46303 个用户
  用户观看历史: 47043 个用户
  TF-IDF 矩阵: (34208, 5000)
  电影类型: 19 种
  SVD 模型: 1000 个活跃用户
数据加载完成!


========================================
  电影推荐系统已启动
  访问地址: http://localhost:5000
  按 Ctrl+C 停止
========================================

正在加载数据...
  电影信息: 34208 部
  热门电影: 100 部
  预计算推荐: 200 个用户
  用户喜好历史: 46303 个用户
  用户观看历史: 47043 个用户
  TF-IDF 矩阵: (34208, 5000)
  电影类型: 19 种
  SVD 模型: 1000 个活跃用户
数据加载完成!


========================================
  电影推荐系统已启动
  访问地址: http://localhost:5000
  按 Ctrl+C 停止
========================================

正在加载数据...
  电影信息: 34208 部
  热门电影: 100 部
  预计算推荐: 200 个用户
  用户喜好历史: 46303 个用户
  用户观看历史: 47043 个用户
  TF-IDF 矩阵: (34208, 5000)
  电影类型: 19 种
  SVD 模型: 1000 个活跃用户
数据加载完成!


========================================
  电影推荐系统已启动
  访问地址: http://localhost:5000
  按 Ctrl+C 停止
========================================

正在加载数据...
  电影信息: 34208 部
  热门电影: 100 部
  预计算推荐: 200 个用户
  用户喜好历史: 46303 个用户
  用户观看历史: 47043 个用户
  TF-IDF 矩阵: (34208, 5000)
  电影类型: 19 种
  SVD 模型: 1000 个活跃用户
数据加载完成!


========================================
  电影推荐系统已启动
  访问地址: http://localhost:5000
  按 Ctrl+C 停止
========================================

正在加载数据...
  电影信息: 34208 部
  热门电影: 100 部
  预计算推荐: 200 个用户
  用户喜好历史: 46303 个用户
  用户观看历史: 47043 个用户
  TF-IDF 矩阵: (34208, 5000)
  电影类型: 19 种
  SVD 模型: 1000 个活跃用户
数据加载完成!


========================================
  电影推荐系统已启动
  访问地址: http://localhost:5000
  按 Ctrl+C 停止
========================================

正在加载数据...
  电影信息: 34208 部
  热门电影: 100 部
  预计算推荐: 200 个用户
  用户喜好历史: 46303 个用户
  用户观看历史: 47043 个用户
  TF-IDF 矩阵: (34208, 5000)
  电影类型: 19 种
  SVD 模型: 1000 个活跃用户
数据加载完成!

  TMDB API Key: 未配置 — 仅显示基本信息
  TMDB 缓存: 0 部电影

========================================
  电影推荐系统已启动
  访问地址: http://localhost:5000
  按 Ctrl+C 停止
========================================

